<?xml version="1.0" encoding="UTF-8"?>
<testng-results skipped="0" failed="0" total="1" passed="1">
  <reporter-output>
  </reporter-output>
  <suite name="Default suite" duration-ms="2316" started-at="2019-11-04T16:30:34Z" finished-at="2019-11-04T16:30:36Z">
    <groups>
    </groups>
    <test name="Default test" duration-ms="2316" started-at="2019-11-04T16:30:34Z" finished-at="2019-11-04T16:30:36Z">
      <class name="com.midtier.testcases.GetAvailability">
        <test-method status="PASS" signature="getAvailability()" name="getAvailability" duration-ms="2304" started-at="2019-11-04T16:30:34Z" finished-at="2019-11-04T16:30:36Z">
        </test-method>
      </class>
    </test>
  </suite>
</testng-results>
