<?xml version="1.0" encoding="UTF-8"?>
<testng-results skipped="0" failed="0" total="0" passed="0">
  <reporter-output>
  </reporter-output>
  <suite name="Suite" duration-ms="0" started-at="2019-11-04T16:36:07Z" finished-at="2019-11-04T16:36:07Z">
    <groups>
    </groups>
  </suite>
  <suite name="RunBackEndTests" duration-ms="1" started-at="2019-11-04T16:36:07Z" finished-at="2019-11-04T16:36:07Z">
    <groups>
    </groups>
    <test name="RunBackEndTests" duration-ms="1" started-at="2019-11-04T16:36:07Z" finished-at="2019-11-04T16:36:07Z">
    </test>
  </suite>
</testng-results>
